{"/home/grv/Desktop/FSD-2/workspace/FSD-2/Experiment-6/src/components/Form.jsx": {"path":"/home/grv/Desktop/FSD-2/workspace/FSD-2/Experiment-6/src/components/Form.jsx","statementMap":{"0":{"start":{"line":4,"column":14},"end":{"line":101,"column":null}},"1":{"start":{"line":5,"column":21},"end":{"line":5,"column":null}},"2":{"start":{"line":6,"column":31},"end":{"line":6,"column":null}},"3":{"start":{"line":7,"column":21},"end":{"line":7,"column":null}},"4":{"start":{"line":8,"column":31},"end":{"line":8,"column":null}},"5":{"start":{"line":9,"column":19},"end":{"line":9,"column":null}},"6":{"start":{"line":10,"column":29},"end":{"line":10,"column":null}},"7":{"start":{"line":11,"column":24},"end":{"line":11,"column":null}},"8":{"start":{"line":12,"column":33},"end":{"line":12,"column":null}},"9":{"start":{"line":14,"column":19},"end":{"line":22,"column":null}},"10":{"start":{"line":15,"column":4},"end":{"line":15,"column":null}},"11":{"start":{"line":16,"column":4},"end":{"line":21,"column":null}},"12":{"start":{"line":17,"column":8},"end":{"line":17,"column":null}},"13":{"start":{"line":20,"column":8},"end":{"line":20,"column":null}},"14":{"start":{"line":24,"column":20},"end":{"line":32,"column":null}},"15":{"start":{"line":25,"column":4},"end":{"line":25,"column":null}},"16":{"start":{"line":26,"column":4},"end":{"line":31,"column":null}},"17":{"start":{"line":27,"column":8},"end":{"line":27,"column":null}},"18":{"start":{"line":30,"column":8},"end":{"line":30,"column":null}},"19":{"start":{"line":34,"column":20},"end":{"line":43,"column":null}},"20":{"start":{"line":35,"column":4},"end":{"line":35,"column":null}},"21":{"start":{"line":36,"column":4},"end":{"line":41,"column":null}},"22":{"start":{"line":37,"column":8},"end":{"line":37,"column":null}},"23":{"start":{"line":40,"column":8},"end":{"line":40,"column":null}},"24":{"start":{"line":44,"column":20},"end":{"line":47,"column":null}},"25":{"start":{"line":45,"column":4},"end":{"line":45,"column":null}},"26":{"start":{"line":46,"column":4},"end":{"line":46,"column":null}},"27":{"start":{"line":49,"column":21},"end":{"line":61,"column":null}},"28":{"start":{"line":50,"column":4},"end":{"line":50,"column":null}},"29":{"start":{"line":52,"column":25},"end":{"line":52,"column":null}},"30":{"start":{"line":53,"column":24},"end":{"line":53,"column":null}},"31":{"start":{"line":54,"column":4},"end":{"line":57,"column":null}},"32":{"start":{"line":55,"column":8},"end":{"line":55,"column":null}},"33":{"start":{"line":58,"column":3},"end":{"line":58,"column":null}},"34":{"start":{"line":59,"column":4},"end":{"line":59,"column":null}},"35":{"start":{"line":60,"column":4},"end":{"line":60,"column":null}},"36":{"start":{"line":62,"column":0},"end":{"line":62,"column":null}},"37":{"start":{"line":63,"column":4},"end":{"line":99,"column":null}}},"fnMap":{"0":{"name":"(anonymous_0)","decl":{"start":{"line":4,"column":14},"end":{"line":4,"column":18}},"loc":{"start":{"line":4,"column":18},"end":{"line":101,"column":null}},"line":4},"1":{"name":"(anonymous_1)","decl":{"start":{"line":14,"column":19},"end":{"line":14,"column":22}},"loc":{"start":{"line":14,"column":22},"end":{"line":22,"column":null}},"line":14},"2":{"name":"(anonymous_2)","decl":{"start":{"line":24,"column":20},"end":{"line":24,"column":23}},"loc":{"start":{"line":24,"column":23},"end":{"line":32,"column":null}},"line":24},"3":{"name":"(anonymous_3)","decl":{"start":{"line":34,"column":20},"end":{"line":34,"column":23}},"loc":{"start":{"line":34,"column":23},"end":{"line":43,"column":null}},"line":34},"4":{"name":"(anonymous_4)","decl":{"start":{"line":44,"column":20},"end":{"line":44,"column":21}},"loc":{"start":{"line":44,"column":27},"end":{"line":47,"column":null}},"line":44},"5":{"name":"(anonymous_5)","decl":{"start":{"line":49,"column":21},"end":{"line":49,"column":22}},"loc":{"start":{"line":49,"column":26},"end":{"line":61,"column":null}},"line":49}},"branchMap":{"0":{"loc":{"start":{"line":16,"column":4},"end":{"line":21,"column":null}},"type":"if","locations":[{"start":{"line":16,"column":4},"end":{"line":21,"column":null}},{"start":{"line":19,"column":9},"end":{"line":21,"column":null}}],"line":16},"1":{"loc":{"start":{"line":26,"column":4},"end":{"line":31,"column":null}},"type":"if","locations":[{"start":{"line":26,"column":4},"end":{"line":31,"column":null}},{"start":{"line":29,"column":9},"end":{"line":31,"column":null}}],"line":26},"2":{"loc":{"start":{"line":36,"column":4},"end":{"line":41,"column":null}},"type":"if","locations":[{"start":{"line":36,"column":4},"end":{"line":41,"column":null}},{"start":{"line":39,"column":9},"end":{"line":41,"column":null}}],"line":36},"3":{"loc":{"start":{"line":54,"column":4},"end":{"line":57,"column":null}},"type":"if","locations":[{"start":{"line":54,"column":4},"end":{"line":57,"column":null}},{"start":{},"end":{}}],"line":54},"4":{"loc":{"start":{"line":54,"column":7},"end":{"line":54,"column":45}},"type":"binary-expr","locations":[{"start":{"line":54,"column":7},"end":{"line":54,"column":23}},{"start":{"line":54,"column":23},"end":{"line":54,"column":38}},{"start":{"line":54,"column":38},"end":{"line":54,"column":45}}],"line":54},"5":{"loc":{"start":{"line":70,"column":28},"end":{"line":70,"column":82}},"type":"cond-expr","locations":[{"start":{"line":70,"column":39},"end":{"line":70,"column":78}},{"start":{"line":70,"column":78},"end":{"line":70,"column":82}}],"line":70},"6":{"loc":{"start":{"line":73,"column":47},"end":{"line":73,"column":null}},"type":"cond-expr","locations":[{"start":{"line":73,"column":58},"end":{"line":73,"column":86}},{"start":{"line":73,"column":86},"end":{"line":73,"column":null}}],"line":73},"7":{"loc":{"start":{"line":76,"column":70},"end":{"line":76,"column":126}},"type":"cond-expr","locations":[{"start":{"line":76,"column":80},"end":{"line":76,"column":122}},{"start":{"line":76,"column":122},"end":{"line":76,"column":126}}],"line":76},"8":{"loc":{"start":{"line":81,"column":43},"end":{"line":81,"column":77}},"type":"cond-expr","locations":[{"start":{"line":81,"column":57},"end":{"line":81,"column":67}},{"start":{"line":81,"column":67},"end":{"line":81,"column":77}}],"line":81},"9":{"loc":{"start":{"line":85,"column":25},"end":{"line":88,"column":null}},"type":"binary-expr","locations":[{"start":{"line":85,"column":25},"end":{"line":85,"column":null}},{"start":{"line":86,"column":28},"end":{"line":88,"column":null}}],"line":85}},"s":{"0":1,"1":13,"2":13,"3":13,"4":13,"5":13,"6":13,"7":13,"8":13,"9":13,"10":2,"11":2,"12":1,"13":1,"14":13,"15":2,"16":2,"17":1,"18":1,"19":13,"20":3,"21":3,"22":2,"23":1,"24":13,"25":1,"26":1,"27":13,"28":2,"29":2,"30":2,"31":2,"32":1,"33":2,"34":2,"35":2,"36":13,"37":13},"f":{"0":13,"1":2,"2":2,"3":3,"4":1,"5":2},"b":{"0":[1,1],"1":[1,1],"2":[2,1],"3":[1,1],"4":[2,1,1],"5":[4,9],"6":[1,12],"7":[2,11],"8":[1,12],"9":[13,1]},"meta":{"lastBranch":10,"lastFunction":6,"lastStatement":38,"seen":{"s:4:14:101:Infinity":0,"f:4:14:4:18":0,"s:5:21:5:Infinity":1,"s:6:31:6:Infinity":2,"s:7:21:7:Infinity":3,"s:8:31:8:Infinity":4,"s:9:19:9:Infinity":5,"s:10:29:10:Infinity":6,"s:11:24:11:Infinity":7,"s:12:33:12:Infinity":8,"s:14:19:22:Infinity":9,"f:14:19:14:22":1,"s:15:4:15:Infinity":10,"b:16:4:21:Infinity:19:9:21:Infinity":0,"s:16:4:21:Infinity":11,"s:17:8:17:Infinity":12,"s:20:8:20:Infinity":13,"s:24:20:32:Infinity":14,"f:24:20:24:23":2,"s:25:4:25:Infinity":15,"b:26:4:31:Infinity:29:9:31:Infinity":1,"s:26:4:31:Infinity":16,"s:27:8:27:Infinity":17,"s:30:8:30:Infinity":18,"s:34:20:43:Infinity":19,"f:34:20:34:23":3,"s:35:4:35:Infinity":20,"b:36:4:41:Infinity:39:9:41:Infinity":2,"s:36:4:41:Infinity":21,"s:37:8:37:Infinity":22,"s:40:8:40:Infinity":23,"s:44:20:47:Infinity":24,"f:44:20:44:21":4,"s:45:4:45:Infinity":25,"s:46:4:46:Infinity":26,"s:49:21:61:Infinity":27,"f:49:21:49:22":5,"s:50:4:50:Infinity":28,"s:52:25:52:Infinity":29,"s:53:24:53:Infinity":30,"b:54:4:57:Infinity:undefined:undefined:undefined:undefined":3,"s:54:4:57:Infinity":31,"b:54:7:54:23:54:23:54:38:54:38:54:45":4,"s:55:8:55:Infinity":32,"s:58:3:58:Infinity":33,"s:59:4:59:Infinity":34,"s:60:4:60:Infinity":35,"s:62:0:62:Infinity":36,"s:63:4:99:Infinity":37,"b:70:39:70:78:70:78:70:82":5,"b:73:58:73:86:73:86:73:Infinity":6,"b:76:80:76:122:76:122:76:126":7,"b:81:57:81:67:81:67:81:77":8,"b:85:25:85:Infinity:86:28:88:Infinity":9}}}
}
